This is pdfTeX, Version 3.14159265-2.6-1.40.19 (TeX Live 2018) (preloaded format=pdflatex 2019.2.22)  24 APR 2020 22:53
entering extended mode
 restricted \write18 enabled.
 %&-line parsing enabled.
**CV_Prouty.tex
(./CV_Prouty.tex
LaTeX2e <2018-12-01>
(/usr/cluster/contrib/texlive2018/texmf-dist/tex/latex/base/article.cls
Document Class: article 2018/09/03 v1.4i Standard LaTeX document class
(/usr/cluster/contrib/texlive2018/texmf-dist/tex/latex/base/size10.clo
File: size10.clo 2018/09/03 v1.4i Standard LaTeX file (size option)
)
\c@part=\count80
\c@section=\count81
\c@subsection=\count82
\c@subsubsection=\count83
\c@paragraph=\count84
\c@subparagraph=\count85
\c@figure=\count86
\c@table=\count87
\abovecaptionskip=\skip41
\belowcaptionskip=\skip42
\bibindent=\dimen102
)
(/usr/cluster/contrib/texlive2018/texmf-dist/tex/latex/tools/array.sty
Package: array 2018/12/30 v2.4k Tabular extension package (FMi)
\col@sep=\dimen103
\ar@mcellbox=\box27
\extrarowheight=\dimen104
\NC@list=\toks14
\extratabsurround=\skip43
\backup@length=\skip44
\ar@cellbox=\box28
)
(/usr/cluster/contrib/texlive2018/texmf-dist/tex/latex/xcolor/xcolor.sty
Package: xcolor 2016/05/11 v2.12 LaTeX color extensions (UK)

(/usr/cluster/contrib/texlive2018/texmf-dist/tex/latex/graphics-cfg/color.cfg
File: color.cfg 2016/01/02 v1.6 sample color configuration
)
Package xcolor Info: Driver file: pdftex.def on input line 225.

(/usr/cluster/contrib/texlive2018/texmf-dist/tex/latex/graphics-def/pdftex.def
File: pdftex.def 2018/01/08 v1.0l Graphics/color driver for pdftex
)
Package xcolor Info: Model `cmy' substituted by `cmy0' on input line 1348.
Package xcolor Info: Model `hsb' substituted by `rgb' on input line 1352.
Package xcolor Info: Model `RGB' extended on input line 1364.
Package xcolor Info: Model `HTML' substituted by `rgb' on input line 1366.
Package xcolor Info: Model `Hsb' substituted by `hsb' on input line 1367.
Package xcolor Info: Model `tHsb' substituted by `hsb' on input line 1368.
Package xcolor Info: Model `HSB' substituted by `hsb' on input line 1369.
Package xcolor Info: Model `Gray' substituted by `gray' on input line 1370.
Package xcolor Info: Model `wave' substituted by `hsb' on input line 1371.
) (/usr/cluster/contrib/texlive2018/texmf-dist/tex/latex/tools/longtable.sty
Package: longtable 2014/10/28 v4.11 Multi-page Table package (DPC)+ FMi change
\LTleft=\skip45
\LTright=\skip46
\LTpre=\skip47
\LTpost=\skip48
\LTchunksize=\count88
\LTcapwidth=\dimen105
\LT@head=\box29
\LT@firsthead=\box30
\LT@foot=\box31
\LT@lastfoot=\box32
\LT@cols=\count89
\LT@rows=\count90
\c@LT@tables=\count91
\c@LT@chunks=\count92
\LT@p@ftn=\toks15
)
(/usr/cluster/contrib/texlive2018/texmf-dist/tex/latex/geometry/geometry.sty
Package: geometry 2018/04/16 v5.8 Page Geometry

(/usr/cluster/contrib/texlive2018/texmf-dist/tex/latex/graphics/keyval.sty
Package: keyval 2014/10/28 v1.15 key=value parser (DPC)
\KV@toks@=\toks16
)
(/usr/cluster/contrib/texlive2018/texmf-dist/tex/generic/oberdiek/ifpdf.sty
Package: ifpdf 2018/09/07 v3.3 Provides the ifpdf switch
)
(/usr/cluster/contrib/texlive2018/texmf-dist/tex/generic/oberdiek/ifvtex.sty
Package: ifvtex 2016/05/16 v1.6 Detect VTeX and its facilities (HO)
Package ifvtex Info: VTeX not detected.
)
(/usr/cluster/contrib/texlive2018/texmf-dist/tex/generic/ifxetex/ifxetex.sty
Package: ifxetex 2010/09/12 v0.6 Provides ifxetex conditional
)
\Gm@cnth=\count93
\Gm@cntv=\count94
\c@Gm@tempcnt=\count95
\Gm@bindingoffset=\dimen106
\Gm@wd@mp=\dimen107
\Gm@odd@mp=\dimen108
\Gm@even@mp=\dimen109
\Gm@layoutwidth=\dimen110
\Gm@layoutheight=\dimen111
\Gm@layouthoffset=\dimen112
\Gm@layoutvoffset=\dimen113
\Gm@dimlist=\toks17
)
(./CV_Prouty.aux)
\openout1 = `CV_Prouty.aux'.

LaTeX Font Info:    Checking defaults for OML/cmm/m/it on input line 21.
LaTeX Font Info:    ... okay on input line 21.
LaTeX Font Info:    Checking defaults for T1/cmr/m/n on input line 21.
LaTeX Font Info:    ... okay on input line 21.
LaTeX Font Info:    Checking defaults for OT1/cmr/m/n on input line 21.
LaTeX Font Info:    ... okay on input line 21.
LaTeX Font Info:    Checking defaults for OMS/cmsy/m/n on input line 21.
LaTeX Font Info:    ... okay on input line 21.
LaTeX Font Info:    Checking defaults for OMX/cmex/m/n on input line 21.
LaTeX Font Info:    ... okay on input line 21.
LaTeX Font Info:    Checking defaults for U/cmr/m/n on input line 21.
LaTeX Font Info:    ... okay on input line 21.

(/usr/cluster/contrib/texlive2018/texmf-dist/tex/context/base/mkii/supp-pdf.mki
i
[Loading MPS to PDF converter (version 2006.09.02).]
\scratchcounter=\count96
\scratchdimen=\dimen114
\scratchbox=\box33
\nofMPsegments=\count97
\nofMParguments=\count98
\everyMPshowfont=\toks18
\MPscratchCnt=\count99
\MPscratchDim=\dimen115
\MPnumerator=\count100
\makeMPintoPDFobject=\count101
\everyMPtoPDFconversion=\toks19
)
*geometry* driver: auto-detecting
*geometry* detected driver: pdftex
*geometry* verbose mode - [ preamble ] result:
* driver: pdftex
* paper: <default>
* layout: <same size as paper>
* layoutoffset:(h,v)=(0.0pt,0.0pt)
* modes: 
* h-part:(L,W,R)=(42.67912pt, 528.93675pt, 42.67912pt)
* v-part:(T,H,B)=(42.67912pt, 709.61174pt, 42.67912pt)
* \paperwidth=614.295pt
* \paperheight=794.96999pt
* \textwidth=528.93675pt
* \textheight=709.61174pt
* \oddsidemargin=-29.59087pt
* \evensidemargin=-29.59087pt
* \topmargin=-66.59087pt
* \headheight=12.0pt
* \headsep=25.0pt
* \topskip=10.0pt
* \footskip=30.0pt
* \marginparwidth=65.0pt
* \marginparsep=11.0pt
* \columnsep=10.0pt
* \skip\footins=9.0pt plus 4.0pt minus 2.0pt
* \hoffset=0.0pt
* \voffset=0.0pt
* \mag=1000
* \@twocolumnfalse
* \@twosidefalse
* \@mparswitchfalse
* \@reversemarginfalse
* (1in=72.27pt=25.4mm, 1cm=28.453pt)

LaTeX Font Info:    External font `cmex10' loaded for size
(Font)              <12> on input line 23.
LaTeX Font Info:    External font `cmex10' loaded for size
(Font)              <8> on input line 23.
LaTeX Font Info:    External font `cmex10' loaded for size
(Font)              <6> on input line 23.

Overfull \hbox (24.49998pt too wide) in alignment at lines 39--54
 [] [] 
 []

LaTeX Font Info:    External font `cmex10' loaded for size
(Font)              <7> on input line 65.
LaTeX Font Info:    External font `cmex10' loaded for size
(Font)              <5> on input line 65.

Overfull \hbox (24.49998pt too wide) in alignment at lines 59--80
 [] [] 
 []

[1

{/usr/cluster/contrib/texlive2018/texmf-var/fonts/map/pdftex/updmap/pdftex.map}
]
Overfull \hbox (24.49998pt too wide) in alignment at lines 88--116
 [] [] 
 []


Overfull \hbox (24.49998pt too wide) in alignment at lines 116--120
 [] [] 
 []


Overfull \hbox (24.49998pt too wide) in alignment at lines 124--135
 [] [] 
 []

[2]
Overfull \hbox (24.49998pt too wide) in alignment at lines 142--145
 [] [] 
 []


Overfull \hbox (24.49998pt too wide) in alignment at lines 150--170
 [] [] 
 []

[3] (./CV_Prouty.aux) ) 
Here is how much of TeX's memory you used:
 1845 strings out of 492616
 23913 string characters out of 6124683
 109201 words of memory out of 5000000
 5787 multiletter control sequences out of 15000+600000
 8849 words of font info for 31 fonts, out of 8000000 for 9000
 1141 hyphenation exceptions out of 8191
 24i,6n,35p,454b,181s stack positions out of 5000i,500n,10000p,200000b,80000s
</usr/cluster/contrib/texlive2018/texmf-dist/fonts/type1
/public/amsfonts/cm/cmbx10.pfb></usr/cluster/contrib/texlive2018/texmf-dist/fon
ts/type1/public/amsfonts/cm/cmbx12.pfb></usr/cluster/contrib/texlive2018/texmf-
dist/fonts/type1/public/amsfonts/cm/cmcsc10.pfb></usr/cluster/contrib/texlive20
18/texmf-dist/fonts/type1/public/amsfonts/cm/cmmi10.pfb></usr/cluster/contrib/t
exlive2018/texmf-dist/fonts/type1/public/amsfonts/cm/cmr10.pfb></usr/cluster/co
ntrib/texlive2018/texmf-dist/fonts/type1/public/amsfonts/cm/cmr7.pfb></usr/clus
ter/contrib/texlive2018/texmf-dist/fonts/type1/public/amsfonts/cm/cmti10.pfb>
Output written on CV_Prouty.pdf (3 pages, 114826 bytes).
PDF statistics:
 42 PDF objects out of 1000 (max. 8388607)
 29 compressed objects within 1 object stream
 0 named destinations out of 1000 (max. 500000)
 1 words of extra memory for PDF output out of 10000 (max. 10000000)

